2020-10-09T17:11:27-0400 [INFO    ] dandi Traversing remote dandisets (000029) recursively
2020-10-09T17:11:27-0400 [INFO    ] backups2datalad.py Updating metadata file
2020-10-09T17:11:27-0400 [WARNING ] dandi Ran into an empty item: {'_id': '5f244abe79d3faee686c7495', '_modelType': 'item', 'baseParentId': '5e59bb0af19e820ab6ea6c62', 'baseParentType': 'collection', 'created': '2020-07-31T16:45:50.199000+00:00', 'creatorId': '5d978d9ecc10d1bc31040bc9', 'description': '', 'folderId': '5f244abd79d3faee686c7494', 'meta': {}, 'name': 'sub-759711149_probe-792602650_ecephys.nwb', 'size': 0, 'updated': '2020-07-31T16:45:50.199000+00:00'}
2020-10-09T17:11:28-0400 [INFO    ] backups2datalad.py Syncing asset /sub-RAT123/sub-RAT123.nwb
2020-10-09T17:11:28-0400 [INFO    ] backups2datalad.py Asset in dataset, and hash shows no modification; will not update
2020-10-09T17:11:28-0400 [INFO    ] backups2datalad.py Commiting changes
2020-10-09T17:11:28-0400 [INFO    ] backups2datalad.py Creating GitHub sibling for 000029
2020-10-09T17:11:28-0400 [INFO    ] backups2datalad.py Pushing to sibling
2020-10-09T17:11:28-0400 [INFO    ] datalad.core.distributed.push Determine push target
2020-10-09T17:11:28-0400 [INFO    ] datalad.core.distributed.push Push refspecs
2020-10-09T17:11:28-0400 [INFO    ] datalad.core.distributed.push Transfer data
2020-10-09T17:11:28-0400 [INFO    ] datalad.core.distributed.push Update availability information
2020-10-09T17:11:30-0400 [INFO    ] datalad.gitrepo Start enumerating objects
2020-10-09T17:11:30-0400 [INFO    ] datalad.gitrepo Finished enumerating objects
2020-10-09T17:11:30-0400 [INFO    ] datalad.gitrepo Start counting objects
2020-10-09T17:11:30-0400 [INFO    ] datalad.gitrepo Counting objects:   9% (1/11)
2020-10-09T17:11:30-0400 [INFO    ] datalad.gitrepo Counting objects:  18% (2/11)
2020-10-09T17:11:30-0400 [INFO    ] datalad.gitrepo Counting objects:  27% (3/11)
2020-10-09T17:11:30-0400 [INFO    ] datalad.gitrepo Counting objects:  36% (4/11)
2020-10-09T17:11:30-0400 [INFO    ] datalad.gitrepo Counting objects:  45% (5/11)
2020-10-09T17:11:30-0400 [INFO    ] datalad.gitrepo Counting objects:  54% (6/11)
2020-10-09T17:11:30-0400 [INFO    ] datalad.gitrepo Counting objects:  63% (7/11)
2020-10-09T17:11:30-0400 [INFO    ] datalad.gitrepo Counting objects:  72% (8/11)
2020-10-09T17:11:30-0400 [INFO    ] datalad.gitrepo Counting objects:  81% (9/11)
2020-10-09T17:11:30-0400 [INFO    ] datalad.gitrepo Counting objects:  90% (10/11)
2020-10-09T17:11:30-0400 [INFO    ] datalad.gitrepo Counting objects: 100% (11/11)
2020-10-09T17:11:30-0400 [INFO    ] datalad.gitrepo Counting objects: 100% (11/11), done.
2020-10-09T17:11:30-0400 [INFO    ] datalad.gitrepo Finished counting objects
2020-10-09T17:11:30-0400 [INFO    ] datalad.gitrepo Start compressing objects
2020-10-09T17:11:30-0400 [INFO    ] datalad.gitrepo Compressing objects:  16% (1/6)
2020-10-09T17:11:30-0400 [INFO    ] datalad.gitrepo Compressing objects:  33% (2/6)
2020-10-09T17:11:30-0400 [INFO    ] datalad.gitrepo Compressing objects:  50% (3/6)
2020-10-09T17:11:30-0400 [INFO    ] datalad.gitrepo Compressing objects:  66% (4/6)
2020-10-09T17:11:30-0400 [INFO    ] datalad.gitrepo Compressing objects:  83% (5/6)
2020-10-09T17:11:30-0400 [INFO    ] datalad.gitrepo Compressing objects: 100% (6/6)
2020-10-09T17:11:30-0400 [INFO    ] datalad.gitrepo Compressing objects: 100% (6/6), done.
2020-10-09T17:11:30-0400 [INFO    ] datalad.gitrepo Finished compressing objects
2020-10-09T17:11:30-0400 [INFO    ] datalad.gitrepo Start writing objects
2020-10-09T17:11:30-0400 [INFO    ] datalad.gitrepo Writing objects:  14% (1/7)
2020-10-09T17:11:30-0400 [INFO    ] datalad.gitrepo Writing objects:  28% (2/7)
2020-10-09T17:11:30-0400 [INFO    ] datalad.gitrepo Writing objects:  42% (3/7)
2020-10-09T17:11:30-0400 [INFO    ] datalad.gitrepo Writing objects:  57% (4/7)
2020-10-09T17:11:30-0400 [INFO    ] datalad.gitrepo Writing objects:  71% (5/7)
2020-10-09T17:11:30-0400 [INFO    ] datalad.gitrepo Writing objects:  85% (6/7)
2020-10-09T17:11:30-0400 [INFO    ] datalad.gitrepo Writing objects: 100% (7/7)
2020-10-09T17:11:30-0400 [INFO    ] datalad.gitrepo Writing objects: 100% (7/7), 2.11 KiB | 1.06 MiB/s, done.
2020-10-09T17:11:30-0400 [INFO    ] datalad.gitrepo Finished writing objects
2020-10-09T17:11:30-0400 [INFO    ] datalad.gitrepo Start resolving deltas
2020-10-09T17:11:30-0400 [INFO    ] datalad.gitrepo remote: Resolving deltas:   0% (0/2)
2020-10-09T17:11:30-0400 [INFO    ] datalad.gitrepo remote: Resolving deltas:  50% (1/2)
2020-10-09T17:11:30-0400 [INFO    ] datalad.gitrepo remote: Resolving deltas: 100% (2/2)
2020-10-09T17:11:30-0400 [INFO    ] datalad.gitrepo remote: Resolving deltas: 100% (2/2), completed with 1 local object.
2020-10-09T17:11:32-0400 [INFO    ] datalad.gitrepo Finished
2020-10-09T17:11:32-0400 [INFO    ] datalad.core.distributed.push Finished push of Dataset(/mnt/backup/dandi/dandiarchive-replica/000029)
